2018-07-18 09:09:53,625 - 服务商平台_实际结果 - INFO - {
	"data":[
		{
			"address":"长沙高新开发区文轩路27号麓谷钰园C3栋1楼105号990",
			"area":"湖南/长沙",
			"detail":"长沙伊特--盛秀玲服务商",
			"gmtCreate":"2017-12-12T14:36:28+08:00",
			"gmtModified":"2018-06-30T16:03:47+08:00",
			"level":2,
			"organizType":1,
			"partnerId":190,
			"partnerName":"长沙伊特--盛秀玲服务商",
			"partnerNo":"partnerno2",
			"partnerType":"0111",
			"phone":"0731-82735249",
			"status":1,
			"userId":7
		}
	],
	"page":{
		"endRow":1,
		"firstPage":true,
		"hasNextPage":false,
		"hasPrePage":false,
		"lastPage":true,
		"limit":10,
		"nextPage":1,
		"offset":0,
		"page":1,
		"prePage":1,
		"startRow":1,
		"totalCount":1,
		"totalPages":1
	}
}
