2018-07-16 14:39:14,020 - 供应商平台_预期结果 - INFO - 200
2018-07-16 14:39:14,021 - 供应商平台_实际结果 - INFO - 200
2018-07-16 14:39:14,021 - 供应商平台 - INFO - 用户登陆成功
2018-07-16 14:39:14,207 - 供应商平台_预期结果 - INFO - 测试
2018-07-16 14:39:14,207 - 供应商平台_实际结果 - INFO - {
	"data":[
		{
			"departments":[
				{
					"depId":236,
					"departName":"部门1.1",
					"position":1
				}
			],
			"email":"15814405932@139.com",
			"empId":1927,
			"empName":"测试0003",
			"entryDate":"2018-06-29T00:00:00+08:00",
			"gmtCreate":"2018-06-29T09:23:45+08:00",
			"gmtModified":"2018-06-29T09:24:25+08:00",
			"jobNo":"0123985632",
			"partnerId":402,
			"phone":"13610251122",
			"roles":[{
				"roleId":1116,
				"roleName":"管理员"
			}],
			"status":1
		},
		{
			"departments":[
				{
					"depId":236,
					"departName":"部门1.1",
					"position":1
				}
			],
			"email":"15814405932@139.com",
			"empId":1912,
			"empName":"测试0003",
			"entryDate":"2018-06-27T00:00:00+08:00",
			"gmtCreate":"2018-06-27T13:57:26+08:00",
			"gmtModified":"2018-06-27T13:57:26+08:00",
			"jobNo":"1002011",
			"partnerId":402,
			"phone":"13610251122",
			"roles":[{
				"roleId":1116,
				"roleName":"管理员"
			}],
			"status":1
		},
		{
			"departments":[
				{
					"depId":236,
					"departName":"部门1.1",
					"position":1
				}
			],
			"email":"15814405932@139.com",
			"empId":1911,
			"empName":"测试002",
			"entryDate":"2018-06-27T00:00:00+08:00",
			"gmtCreate":"2018-06-27T11:28:59+08:00",
			"gmtModified":"2018-06-27T11:28:59+08:00",
			"jobNo":"1602354001",
			"partnerId":402,
			"phone":"15112359865",
			"roles":[{
				"roleId":1116,
				"roleName":"管理员"
			}],
			"status":1
		},
		{
			"departments":[
				{
					"depId":236,
					"departName":"部门1.1",
					"position":1
				}
			],
			"email":"15814405932@139.com",
			"empId":1910,
			"empName":"测试0002",
			"entryDate":"2018-06-27T00:00:00+08:00",
			"gmtCreate":"2018-06-27T11:04:18+08:00",
			"gmtModified":"2018-06-27T11:04:18+08:00",
			"jobNo":"100021411",
			"partnerId":402,
			"phone":"13578965522",
			"roles":[{
				"roleId":1116,
				"roleName":"管理员"
			}],
			"status":1
		},
		{
			"departments":[
				{
					"depId":236,
					"departName":"部门1.1",
					"position":1
				}
			],
			"email":"15814405932@139.com",
			"empId":1780,
			"empName":"测试001",
			"entryDate":"2018-06-15T00:00:00+08:00",
			"gmtCreate":"2018-06-15T11:38:59+08:00",
			"gmtModified":"2018-06-27T11:04:49+08:00",
			"jobNo":"154110",
			"partnerId":402,
			"phone":"13540405050",
			"roles":[{
				"roleId":1116,
				"roleName":"管理员"
			}],
			"status":1,
			"userId":204
		}
	],
	"page":{
		"hasPrePage":false,
		"lastPage":true,
		"offset":0,
		"startRow":1,
		"hasNextPage":false,
		"prePage":1,
		"nextPage":1,
		"endRow":5,
		"totalCount":5,
		"firstPage":true,
		"limit":10,
		"totalPages":1,
		"page":1
	}
}
2018-07-16 14:39:14,208 - 供应商平台 - INFO - 测试查询成功
2018-07-16 14:39:14,281 - 供应商平台 - INFO - 测试sadfasfasfsfasfd查询成功
2018-07-16 14:39:14,365 - 供应商平台 - INFO - 角色新增成功
2018-07-16 14:39:14,931 - 供应商平台 - INFO - cjxade员工新增成功
2018-07-16 14:39:16,360 - 供应商平台 - INFO - 产品自动化测试5xebd1发布成功
2018-07-16 14:39:17,468 - 供应商平台 - INFO - 已存在的产品名称验证成功
2018-07-16 14:39:18,739 - 供应商平台 - INFO - 产品查询日期正常
